<?xml version="1.0" encoding="UTF-8"?>
<!-- Generated by org.testng.reporters.JUnitReportReporter -->
<testsuite hostname="Asus-Rog-Strix-G15" failures="0" tests="1" name="amazon_testng.Scenario3" time="14.225" errors="0" timestamp="2023-09-20T16:43:35 IST" skipped="0">
  <testcase classname="amazon_testng.Scenario3" name="testcase3" time="14.225"/>
</testsuite> <!-- amazon_testng.Scenario3 -->
