<?xml version="1.0" encoding="UTF-8"?>
<!-- Generated by org.testng.reporters.JUnitReportReporter -->
<testsuite hostname="Asus-Rog-Strix-G15" failures="0" tests="1" name="CountOfLinks" time="6.086" errors="0" timestamp="2024-03-04T13:03:38 IST" skipped="0">
  <testcase classname="CountOfLinks" name="scenario1" time="6.086"/>
  <system-out/>
</testsuite> <!-- CountOfLinks -->
