<?xml version="1.0" encoding="UTF-8"?>
<!-- Generated by org.testng.reporters.JUnitReportReporter -->
<testsuite hostname="Asus-Rog-Strix-G15" failures="0" tests="10" name="Grouping" time="0.013" errors="0" timestamp="2024-01-31T14:30:09 IST" skipped="0">
  <testcase classname="Grouping" name="scenario2" time="0.001"/>
  <system-out/>
  <testcase classname="Grouping" name="scenario4" time="0.001"/>
  <system-out/>
  <testcase classname="Grouping" name="scenario9" time="0.001"/>
  <system-out/>
  <testcase classname="Grouping" name="scenario5" time="0.001"/>
  <system-out/>
  <testcase classname="Grouping" name="scenario6" time="0.001"/>
  <system-out/>
  <testcase classname="Grouping" name="scenario7" time="0.001"/>
  <system-out/>
  <testcase classname="Grouping" name="scenario10" time="0.001"/>
  <system-out/>
  <testcase classname="Grouping" name="scenario8" time="0.001"/>
  <system-out/>
  <testcase classname="Grouping" name="scenario1" time="0.004"/>
  <system-out/>
  <testcase classname="Grouping" name="scenario3" time="0.001"/>
  <system-out/>
</testsuite> <!-- Grouping -->
