<?xml version="1.0" encoding="UTF-8"?>
<!-- Generated by org.testng.reporters.JUnitReportReporter -->
<testsuite hostname="Asus-Rog-Strix-G15" failures="0" tests="1" name="testngpackage.Mathclass" time="0.008" errors="0" timestamp="2023-10-31T14:00:18 IST" skipped="0">
  <testcase classname="testngpackage.Mathclass" name="scenario1" time="0.008"/>
</testsuite> <!-- testngpackage.Mathclass -->
