<?xml version="1.0" encoding="UTF-8"?>
<!-- Generated by org.testng.reporters.JUnitReportReporter -->
<testsuite hostname="Asus-Rog-Strix-G15" failures="0" tests="1" name="amazon_testng.Scenario2" time="22.060" errors="0" timestamp="2023-09-20T19:27:44 IST" skipped="0">
  <testcase classname="amazon_testng.Scenario2" name="testcase2" time="22.060"/>
</testsuite> <!-- amazon_testng.Scenario2 -->
