<?xml version="1.0" encoding="UTF-8"?>
<!-- Generated by org.testng.reporters.JUnitReportReporter -->
<testsuite hostname="Asus-Rog-Strix-G15" failures="0" tests="1" name="testngpackage.Orderof_Annotation" time="0.012" errors="0" timestamp="2023-09-19T16:43:32 IST" skipped="0">
  <testcase classname="testngpackage.Orderof_Annotation" name="tc1" time="0.012"/>
</testsuite> <!-- testngpackage.Orderof_Annotation -->
