<?xml version="1.0" encoding="UTF-8"?>
<!-- Generated by org.testng.reporters.JUnitReportReporter -->
<testsuite hostname="Asus-Rog-Strix-G15" failures="0" tests="1" name="GrowappSignup" time="4.069" errors="0" timestamp="2024-03-06T13:13:19 IST" skipped="0">
  <testcase classname="GrowappSignup" name="testMailExample" time="4.069"/>
  <system-out/>
</testsuite> <!-- GrowappSignup -->
