<?xml version="1.0" encoding="UTF-8"?>
<!-- Generated by org.testng.reporters.JUnitReportReporter -->
<testsuite hostname="Asus-Rog-Strix-G15" failures="0" tests="1" name="testngpackage.RightClick" time="5.554" errors="0" timestamp="2023-11-09T14:05:44 IST" skipped="0">
  <testcase classname="testngpackage.RightClick" name="rclick" time="5.554"/>
</testsuite> <!-- testngpackage.RightClick -->
