<?xml version="1.0" encoding="UTF-8"?>
<!-- Generated by org.testng.reporters.JUnitReportReporter -->
<testsuite hostname="Asus-Rog-Strix-G15" failures="0" tests="1" name="amazon_testng.Scenario1" time="16.838" errors="0" timestamp="2023-09-20T19:24:10 IST" skipped="0">
  <testcase classname="amazon_testng.Scenario1" name="testcase1" time="16.838"/>
</testsuite> <!-- amazon_testng.Scenario1 -->
