<?xml version="1.0" encoding="UTF-8"?>
<!-- Generated by org.testng.reporters.JUnitReportReporter -->
<testsuite hostname="Asus-Rog-Strix-G15" failures="0" tests="1" name="Facebook.Testcase_1" time="6.006" errors="0" timestamp="2024-01-25T14:13:03 IST" skipped="0">
  <testcase classname="Facebook.Testcase_1" name="scenario1" time="6.006"/>
  <system-out/>
</testsuite> <!-- Facebook.Testcase_1 -->
